{"/home/erick-masila/Desktop/Projects/Book-Shelf/src/components/Books.jsx": {"path":"/home/erick-masila/Desktop/Projects/Book-Shelf/src/components/Books.jsx","statementMap":{"0":{"start":{"line":1,"column":16},"end":{"line":1,"column":null}},"1":{"start":{"line":2,"column":6},"end":{"line":16,"column":null}},"2":{"start":{"line":3,"column":20},"end":{"line":3,"column":null}},"3":{"start":{"line":5,"column":2},"end":{"line":16,"column":null}},"4":{"start":{"line":15,"column":47},"end":{"line":15,"column":70}},"5":{"start":{"line":16,"column":33},"end":{"line":16,"column":50}}},"fnMap":{"0":{"name":"(anonymous_0)","decl":{"start":{"line":2,"column":6},"end":{"line":2,"column":15}},"loc":{"start":{"line":2,"column":46},"end":{"line":16,"column":null}},"line":2},"1":{"name":"(anonymous_1)","decl":{"start":{"line":15,"column":32},"end":{"line":15,"column":47}},"loc":{"start":{"line":15,"column":47},"end":{"line":15,"column":70}},"line":15},"2":{"name":"(anonymous_2)","decl":{"start":{"line":16,"column":18},"end":{"line":16,"column":33}},"loc":{"start":{"line":16,"column":33},"end":{"line":16,"column":50}},"line":16}},"branchMap":{"0":{"loc":{"start":{"line":7,"column":7},"end":{"line":11,"column":7}},"type":"cond-expr","locations":[{"start":{"line":8,"column":10},"end":{"line":9,"column":11}},{"start":{"line":9,"column":10},"end":{"line":11,"column":7}}],"line":7},"1":{"loc":{"start":{"line":15,"column":11},"end":{"line":16,"column":11}},"type":"binary-expr","locations":[{"start":{"line":15,"column":11},"end":{"line":15,"column":24}},{"start":{"line":15,"column":24},"end":{"line":16,"column":11}}],"line":15}},"s":{"0":1,"1":1,"2":4,"3":4,"4":0,"5":0},"f":{"0":4,"1":0,"2":0},"b":{"0":[0,4],"1":[4,4]},"meta":{"lastBranch":2,"lastFunction":3,"lastStatement":6,"seen":{"s:1:16:1:Infinity":0,"s:2:6:16:Infinity":1,"f:2:6:2:15":0,"s:3:20:3:Infinity":2,"s:5:2:16:Infinity":3,"b:8:10:9:11:9:10:11:7":0,"b:15:11:15:24:15:24:16:11":1,"f:15:32:15:47":1,"s:15:47:15:70":4,"f:16:18:16:33":2,"s:16:33:16:50":5}}}
,"/home/erick-masila/Desktop/Projects/Book-Shelf/src/pages/Home.jsx": {"path":"/home/erick-masila/Desktop/Projects/Book-Shelf/src/pages/Home.jsx","statementMap":{"0":{"start":{"line":3,"column":6},"end":{"line":11,"column":null}},"1":{"start":{"line":4,"column":8},"end":{"line":4,"column":32}},"2":{"start":{"line":5,"column":2},"end":{"line":11,"column":null}},"3":{"start":{"line":9,"column":29},"end":{"line":9,"column":46}}},"fnMap":{"0":{"name":"(anonymous_0)","decl":{"start":{"line":3,"column":6},"end":{"line":3,"column":19}},"loc":{"start":{"line":3,"column":19},"end":{"line":11,"column":null}},"line":3},"1":{"name":"(anonymous_1)","decl":{"start":{"line":9,"column":14},"end":{"line":9,"column":29}},"loc":{"start":{"line":9,"column":29},"end":{"line":9,"column":46}},"line":9}},"branchMap":{},"s":{"0":1,"1":3,"2":3,"3":0},"f":{"0":3,"1":0},"b":{},"meta":{"lastBranch":0,"lastFunction":2,"lastStatement":4,"seen":{"s:3:6:11:Infinity":0,"f:3:6:3:19":0,"s:4:8:4:32":1,"s:5:2:11:Infinity":2,"f:9:14:9:29":1,"s:9:29:9:46":3}}}
,"/home/erick-masila/Desktop/Projects/Book-Shelf/src/pages/NotFound.jsx": {"path":"/home/erick-masila/Desktop/Projects/Book-Shelf/src/pages/NotFound.jsx","statementMap":{"0":{"start":{"line":4,"column":10},"end":{"line":4,"column":null}},"1":{"start":{"line":5,"column":2},"end":{"line":9,"column":null}}},"fnMap":{"0":{"name":"NotFound","decl":{"start":{"line":3,"column":9},"end":{"line":3,"column":20}},"loc":{"start":{"line":3,"column":20},"end":{"line":9,"column":null}},"line":3}},"branchMap":{},"s":{"0":3,"1":3},"f":{"0":3},"b":{},"meta":{"lastBranch":0,"lastFunction":1,"lastStatement":2,"seen":{"f:3:9:3:20":0,"s:4:10:4:Infinity":0,"s:5:2:9:Infinity":1}}}
}
